   9 /Users/renee/Projects/backend/repo/api/tests/reporting/test_relationships.py
   8 /Users/renee/Projects/backend/repo/api/reporting/helpers.py
   7 /Users/renee/Projects/backend/repo/userdata/models/reporting.py
   6 /Users/renee/Projects/frontend/repo/.git/COMMIT_EDITMSG
   6 /Users/renee/Projects/backend/repo/api/reporting/mandates.py
   5 /Users/renee/Projects/backend/repo/api/reporting/templates.py
   5 /Users/renee/.gitconfig
   4 /Users/renee/code/dotfiles/vim/rc/look_and_feel.vim
   4 /Users/renee/code/dotfiles/vim/coc-settings.json
   4 /Users/renee/Projects/backend/repo/userdata/actions/reporting.py
   4 /Users/renee/Projects/backend/repo/gateway/alchemy/tests/test_reporting.py
   4 /Users/renee/Projects/backend/repo/api/views/commander.py
   4 /Users/renee/Projects/backend/repo/.git/COMMIT_EDITMSG
   4 /Users/renee/.vimrc
   3 /Users/renee/code/dotfiles/vim/rc/fzy.vim
   3 /Users/renee/Projects/backend/repo/layers/use_cases/text_data/ensure_text_data_specs_and_values.py
   3 /Users/renee/Projects/backend/repo/layers/use_cases/reporting/get_submission_data.py
   3 /Users/renee/Projects/backend/repo/layers/use_cases/internal/reporting/sync_sender_client_metrics.py
   3 /Users/renee/Projects/backend/repo/layers/use_cases/internal/reporting/refresh_email_schedule_for_request.py
   3 /Users/renee/Projects/backend/repo/layers/serializers.py
   3 /Users/renee/Projects/backend/repo/layers/factories.py
   3 /Users/renee/Projects/backend/repo/api/reporting/events.py
   3 /Users/renee/Projects/backend/repo/api/commands.py
   3 /Users/renee/.gitignore
